<?xml version="1.0" encoding="UTF-8"?>
<testsuite xmlns:xsi="http://www.w3.org/2001/XMLSchema-instance" xsi:noNamespaceSchemaLocation="https://maven.apache.org/surefire/maven-surefire-plugin/xsd/surefire-test-report.xsd" name="com.howtodoinjava.demo.SpringBootDemoApplicationTests" time="7.646" tests="1" errors="0" skipped="0" failures="0">
  <properties>
    <property name="awt.toolkit" value="sun.awt.X11.XToolkit"/>
    <property name="file.encoding.pkg" value="sun.io"/>
    <property name="java.specification.version" value="1.8"/>
    <property name="sun.cpu.isalist" value=""/>
    <property name="sun.jnu.encoding" value="UTF-8"/>
    <property name="java.class.path" value="/home/djaxtech/Documents/springbootdemo/target/test-classes:/home/djaxtech/Documents/springbootdemo/target/classes:/home/djaxtech/maven/repo/local/org/springframework/boot/spring-boot-starter-data-mongodb/2.0.3.RELEASE/spring-boot-starter-data-mongodb-2.0.3.RELEASE.jar:/home/djaxtech/maven/repo/local/org/springframework/boot/spring-boot-starter/2.0.3.RELEASE/spring-boot-starter-2.0.3.RELEASE.jar:/home/djaxtech/maven/repo/local/org/springframework/boot/spring-boot/2.0.3.RELEASE/spring-boot-2.0.3.RELEASE.jar:/home/djaxtech/maven/repo/local/org/springframework/boot/spring-boot-autoconfigure/2.0.3.RELEASE/spring-boot-autoconfigure-2.0.3.RELEASE.jar:/home/djaxtech/maven/repo/local/org/springframework/boot/spring-boot-starter-logging/2.0.3.RELEASE/spring-boot-starter-logging-2.0.3.RELEASE.jar:/home/djaxtech/maven/repo/local/ch/qos/logback/logback-classic/1.2.3/logback-classic-1.2.3.jar:/home/djaxtech/maven/repo/local/ch/qos/logback/logback-core/1.2.3/logback-core-1.2.3.jar:/home/djaxtech/maven/repo/local/org/apache/logging/log4j/log4j-to-slf4j/2.10.0/log4j-to-slf4j-2.10.0.jar:/home/djaxtech/maven/repo/local/org/apache/logging/log4j/log4j-api/2.10.0/log4j-api-2.10.0.jar:/home/djaxtech/maven/repo/local/org/slf4j/jul-to-slf4j/1.7.25/jul-to-slf4j-1.7.25.jar:/home/djaxtech/maven/repo/local/org/yaml/snakeyaml/1.19/snakeyaml-1.19.jar:/home/djaxtech/maven/repo/local/org/mongodb/mongodb-driver/3.6.4/mongodb-driver-3.6.4.jar:/home/djaxtech/maven/repo/local/org/mongodb/bson/3.6.4/bson-3.6.4.jar:/home/djaxtech/maven/repo/local/org/mongodb/mongodb-driver-core/3.6.4/mongodb-driver-core-3.6.4.jar:/home/djaxtech/maven/repo/local/org/springframework/data/spring-data-mongodb/2.0.8.RELEASE/spring-data-mongodb-2.0.8.RELEASE.jar:/home/djaxtech/maven/repo/local/org/springframework/spring-context/5.0.7.RELEASE/spring-context-5.0.7.RELEASE.jar:/home/djaxtech/maven/repo/local/org/springframework/spring-expression/5.0.7.RELEASE/spring-expression-5.0.7.RELEASE.jar:/home/djaxtech/maven/repo/local/org/springframework/data/spring-data-commons/2.0.8.RELEASE/spring-data-commons-2.0.8.RELEASE.jar:/home/djaxtech/maven/repo/local/org/slf4j/slf4j-api/1.7.25/slf4j-api-1.7.25.jar:/home/djaxtech/maven/repo/local/org/springframework/boot/spring-boot-starter-web/2.0.3.RELEASE/spring-boot-starter-web-2.0.3.RELEASE.jar:/home/djaxtech/maven/repo/local/org/springframework/boot/spring-boot-starter-json/2.0.3.RELEASE/spring-boot-starter-json-2.0.3.RELEASE.jar:/home/djaxtech/maven/repo/local/com/fasterxml/jackson/core/jackson-databind/2.9.6/jackson-databind-2.9.6.jar:/home/djaxtech/maven/repo/local/com/fasterxml/jackson/core/jackson-annotations/2.9.0/jackson-annotations-2.9.0.jar:/home/djaxtech/maven/repo/local/com/fasterxml/jackson/core/jackson-core/2.9.6/jackson-core-2.9.6.jar:/home/djaxtech/maven/repo/local/com/fasterxml/jackson/datatype/jackson-datatype-jdk8/2.9.6/jackson-datatype-jdk8-2.9.6.jar:/home/djaxtech/maven/repo/local/com/fasterxml/jackson/datatype/jackson-datatype-jsr310/2.9.6/jackson-datatype-jsr310-2.9.6.jar:/home/djaxtech/maven/repo/local/com/fasterxml/jackson/module/jackson-module-parameter-names/2.9.6/jackson-module-parameter-names-2.9.6.jar:/home/djaxtech/maven/repo/local/org/hibernate/validator/hibernate-validator/6.0.10.Final/hibernate-validator-6.0.10.Final.jar:/home/djaxtech/maven/repo/local/javax/validation/validation-api/2.0.1.Final/validation-api-2.0.1.Final.jar:/home/djaxtech/maven/repo/local/org/jboss/logging/jboss-logging/3.3.2.Final/jboss-logging-3.3.2.Final.jar:/home/djaxtech/maven/repo/local/com/fasterxml/classmate/1.3.4/classmate-1.3.4.jar:/home/djaxtech/maven/repo/local/org/springframework/spring-web/5.0.7.RELEASE/spring-web-5.0.7.RELEASE.jar:/home/djaxtech/maven/repo/local/org/springframework/spring-webmvc/5.0.7.RELEASE/spring-webmvc-5.0.7.RELEASE.jar:/home/djaxtech/maven/repo/local/org/springframework/spring-aop/5.0.7.RELEASE/spring-aop-5.0.7.RELEASE.jar:/home/djaxtech/maven/repo/local/org/springframework/boot/spring-boot-starter-tomcat/2.0.3.RELEASE/spring-boot-starter-tomcat-2.0.3.RELEASE.jar:/home/djaxtech/maven/repo/local/javax/annotation/javax.annotation-api/1.3.2/javax.annotation-api-1.3.2.jar:/home/djaxtech/maven/repo/local/org/apache/tomcat/embed/tomcat-embed-core/8.5.31/tomcat-embed-core-8.5.31.jar:/home/djaxtech/maven/repo/local/org/apache/tomcat/embed/tomcat-embed-el/8.5.31/tomcat-embed-el-8.5.31.jar:/home/djaxtech/maven/repo/local/org/apache/tomcat/embed/tomcat-embed-websocket/8.5.31/tomcat-embed-websocket-8.5.31.jar:/home/djaxtech/maven/repo/local/org/springframework/boot/spring-boot-starter-test/2.0.3.RELEASE/spring-boot-starter-test-2.0.3.RELEASE.jar:/home/djaxtech/maven/repo/local/org/springframework/boot/spring-boot-test/2.0.3.RELEASE/spring-boot-test-2.0.3.RELEASE.jar:/home/djaxtech/maven/repo/local/org/springframework/boot/spring-boot-test-autoconfigure/2.0.3.RELEASE/spring-boot-test-autoconfigure-2.0.3.RELEASE.jar:/home/djaxtech/maven/repo/local/com/jayway/jsonpath/json-path/2.4.0/json-path-2.4.0.jar:/home/djaxtech/maven/repo/local/net/minidev/json-smart/2.3/json-smart-2.3.jar:/home/djaxtech/maven/repo/local/net/minidev/accessors-smart/1.2/accessors-smart-1.2.jar:/home/djaxtech/maven/repo/local/org/ow2/asm/asm/5.0.4/asm-5.0.4.jar:/home/djaxtech/maven/repo/local/junit/junit/4.12/junit-4.12.jar:/home/djaxtech/maven/repo/local/org/assertj/assertj-core/3.9.1/assertj-core-3.9.1.jar:/home/djaxtech/maven/repo/local/org/mockito/mockito-core/2.15.0/mockito-core-2.15.0.jar:/home/djaxtech/maven/repo/local/net/bytebuddy/byte-buddy/1.7.11/byte-buddy-1.7.11.jar:/home/djaxtech/maven/repo/local/net/bytebuddy/byte-buddy-agent/1.7.11/byte-buddy-agent-1.7.11.jar:/home/djaxtech/maven/repo/local/org/objenesis/objenesis/2.6/objenesis-2.6.jar:/home/djaxtech/maven/repo/local/org/hamcrest/hamcrest-core/1.3/hamcrest-core-1.3.jar:/home/djaxtech/maven/repo/local/org/hamcrest/hamcrest-library/1.3/hamcrest-library-1.3.jar:/home/djaxtech/maven/repo/local/org/skyscreamer/jsonassert/1.5.0/jsonassert-1.5.0.jar:/home/djaxtech/maven/repo/local/com/vaadin/external/google/android-json/0.0.20131108.vaadin1/android-json-0.0.20131108.vaadin1.jar:/home/djaxtech/maven/repo/local/org/springframework/spring-core/5.0.7.RELEASE/spring-core-5.0.7.RELEASE.jar:/home/djaxtech/maven/repo/local/org/springframework/spring-jcl/5.0.7.RELEASE/spring-jcl-5.0.7.RELEASE.jar:/home/djaxtech/maven/repo/local/org/springframework/spring-test/5.0.7.RELEASE/spring-test-5.0.7.RELEASE.jar:/home/djaxtech/maven/repo/local/org/xmlunit/xmlunit-core/2.5.1/xmlunit-core-2.5.1.jar:/home/djaxtech/maven/repo/local/org/springframework/data/spring-data-commons-core/1.1.0.RELEASE/spring-data-commons-core-1.1.0.RELEASE.jar:/home/djaxtech/maven/repo/local/org/springframework/spring-beans/5.0.7.RELEASE/spring-beans-5.0.7.RELEASE.jar:/home/djaxtech/maven/repo/local/org/springframework/spring-tx/5.0.7.RELEASE/spring-tx-5.0.7.RELEASE.jar:"/>
    <property name="java.vm.vendor" value="Oracle Corporation"/>
    <property name="sun.arch.data.model" value="64"/>
    <property name="java.vendor.url" value="http://java.oracle.com/"/>
    <property name="user.timezone" value=""/>
    <property name="java.vm.specification.version" value="1.8"/>
    <property name="os.name" value="Linux"/>
    <property name="user.country" value="IN"/>
    <property name="sun.java.launcher" value="SUN_STANDARD"/>
    <property name="sun.boot.library.path" value="/usr/lib/jvm/java-8-oracle/jre/lib/amd64"/>
    <property name="sun.java.command" value="/home/djaxtech/Documents/springbootdemo/target/surefire/surefirebooter701284820498275293.jar /home/djaxtech/Documents/springbootdemo/target/surefire 2018-09-17T12-35-03_230-jvmRun1 surefire3969427366730483258tmp surefire_02240239163826371811tmp"/>
    <property name="surefire.test.class.path" value="/home/djaxtech/Documents/springbootdemo/target/test-classes:/home/djaxtech/Documents/springbootdemo/target/classes:/home/djaxtech/maven/repo/local/org/springframework/boot/spring-boot-starter-data-mongodb/2.0.3.RELEASE/spring-boot-starter-data-mongodb-2.0.3.RELEASE.jar:/home/djaxtech/maven/repo/local/org/springframework/boot/spring-boot-starter/2.0.3.RELEASE/spring-boot-starter-2.0.3.RELEASE.jar:/home/djaxtech/maven/repo/local/org/springframework/boot/spring-boot/2.0.3.RELEASE/spring-boot-2.0.3.RELEASE.jar:/home/djaxtech/maven/repo/local/org/springframework/boot/spring-boot-autoconfigure/2.0.3.RELEASE/spring-boot-autoconfigure-2.0.3.RELEASE.jar:/home/djaxtech/maven/repo/local/org/springframework/boot/spring-boot-starter-logging/2.0.3.RELEASE/spring-boot-starter-logging-2.0.3.RELEASE.jar:/home/djaxtech/maven/repo/local/ch/qos/logback/logback-classic/1.2.3/logback-classic-1.2.3.jar:/home/djaxtech/maven/repo/local/ch/qos/logback/logback-core/1.2.3/logback-core-1.2.3.jar:/home/djaxtech/maven/repo/local/org/apache/logging/log4j/log4j-to-slf4j/2.10.0/log4j-to-slf4j-2.10.0.jar:/home/djaxtech/maven/repo/local/org/apache/logging/log4j/log4j-api/2.10.0/log4j-api-2.10.0.jar:/home/djaxtech/maven/repo/local/org/slf4j/jul-to-slf4j/1.7.25/jul-to-slf4j-1.7.25.jar:/home/djaxtech/maven/repo/local/org/yaml/snakeyaml/1.19/snakeyaml-1.19.jar:/home/djaxtech/maven/repo/local/org/mongodb/mongodb-driver/3.6.4/mongodb-driver-3.6.4.jar:/home/djaxtech/maven/repo/local/org/mongodb/bson/3.6.4/bson-3.6.4.jar:/home/djaxtech/maven/repo/local/org/mongodb/mongodb-driver-core/3.6.4/mongodb-driver-core-3.6.4.jar:/home/djaxtech/maven/repo/local/org/springframework/data/spring-data-mongodb/2.0.8.RELEASE/spring-data-mongodb-2.0.8.RELEASE.jar:/home/djaxtech/maven/repo/local/org/springframework/spring-context/5.0.7.RELEASE/spring-context-5.0.7.RELEASE.jar:/home/djaxtech/maven/repo/local/org/springframework/spring-expression/5.0.7.RELEASE/spring-expression-5.0.7.RELEASE.jar:/home/djaxtech/maven/repo/local/org/springframework/data/spring-data-commons/2.0.8.RELEASE/spring-data-commons-2.0.8.RELEASE.jar:/home/djaxtech/maven/repo/local/org/slf4j/slf4j-api/1.7.25/slf4j-api-1.7.25.jar:/home/djaxtech/maven/repo/local/org/springframework/boot/spring-boot-starter-web/2.0.3.RELEASE/spring-boot-starter-web-2.0.3.RELEASE.jar:/home/djaxtech/maven/repo/local/org/springframework/boot/spring-boot-starter-json/2.0.3.RELEASE/spring-boot-starter-json-2.0.3.RELEASE.jar:/home/djaxtech/maven/repo/local/com/fasterxml/jackson/core/jackson-databind/2.9.6/jackson-databind-2.9.6.jar:/home/djaxtech/maven/repo/local/com/fasterxml/jackson/core/jackson-annotations/2.9.0/jackson-annotations-2.9.0.jar:/home/djaxtech/maven/repo/local/com/fasterxml/jackson/core/jackson-core/2.9.6/jackson-core-2.9.6.jar:/home/djaxtech/maven/repo/local/com/fasterxml/jackson/datatype/jackson-datatype-jdk8/2.9.6/jackson-datatype-jdk8-2.9.6.jar:/home/djaxtech/maven/repo/local/com/fasterxml/jackson/datatype/jackson-datatype-jsr310/2.9.6/jackson-datatype-jsr310-2.9.6.jar:/home/djaxtech/maven/repo/local/com/fasterxml/jackson/module/jackson-module-parameter-names/2.9.6/jackson-module-parameter-names-2.9.6.jar:/home/djaxtech/maven/repo/local/org/hibernate/validator/hibernate-validator/6.0.10.Final/hibernate-validator-6.0.10.Final.jar:/home/djaxtech/maven/repo/local/javax/validation/validation-api/2.0.1.Final/validation-api-2.0.1.Final.jar:/home/djaxtech/maven/repo/local/org/jboss/logging/jboss-logging/3.3.2.Final/jboss-logging-3.3.2.Final.jar:/home/djaxtech/maven/repo/local/com/fasterxml/classmate/1.3.4/classmate-1.3.4.jar:/home/djaxtech/maven/repo/local/org/springframework/spring-web/5.0.7.RELEASE/spring-web-5.0.7.RELEASE.jar:/home/djaxtech/maven/repo/local/org/springframework/spring-webmvc/5.0.7.RELEASE/spring-webmvc-5.0.7.RELEASE.jar:/home/djaxtech/maven/repo/local/org/springframework/spring-aop/5.0.7.RELEASE/spring-aop-5.0.7.RELEASE.jar:/home/djaxtech/maven/repo/local/org/springframework/boot/spring-boot-starter-tomcat/2.0.3.RELEASE/spring-boot-starter-tomcat-2.0.3.RELEASE.jar:/home/djaxtech/maven/repo/local/javax/annotation/javax.annotation-api/1.3.2/javax.annotation-api-1.3.2.jar:/home/djaxtech/maven/repo/local/org/apache/tomcat/embed/tomcat-embed-core/8.5.31/tomcat-embed-core-8.5.31.jar:/home/djaxtech/maven/repo/local/org/apache/tomcat/embed/tomcat-embed-el/8.5.31/tomcat-embed-el-8.5.31.jar:/home/djaxtech/maven/repo/local/org/apache/tomcat/embed/tomcat-embed-websocket/8.5.31/tomcat-embed-websocket-8.5.31.jar:/home/djaxtech/maven/repo/local/org/springframework/boot/spring-boot-starter-test/2.0.3.RELEASE/spring-boot-starter-test-2.0.3.RELEASE.jar:/home/djaxtech/maven/repo/local/org/springframework/boot/spring-boot-test/2.0.3.RELEASE/spring-boot-test-2.0.3.RELEASE.jar:/home/djaxtech/maven/repo/local/org/springframework/boot/spring-boot-test-autoconfigure/2.0.3.RELEASE/spring-boot-test-autoconfigure-2.0.3.RELEASE.jar:/home/djaxtech/maven/repo/local/com/jayway/jsonpath/json-path/2.4.0/json-path-2.4.0.jar:/home/djaxtech/maven/repo/local/net/minidev/json-smart/2.3/json-smart-2.3.jar:/home/djaxtech/maven/repo/local/net/minidev/accessors-smart/1.2/accessors-smart-1.2.jar:/home/djaxtech/maven/repo/local/org/ow2/asm/asm/5.0.4/asm-5.0.4.jar:/home/djaxtech/maven/repo/local/junit/junit/4.12/junit-4.12.jar:/home/djaxtech/maven/repo/local/org/assertj/assertj-core/3.9.1/assertj-core-3.9.1.jar:/home/djaxtech/maven/repo/local/org/mockito/mockito-core/2.15.0/mockito-core-2.15.0.jar:/home/djaxtech/maven/repo/local/net/bytebuddy/byte-buddy/1.7.11/byte-buddy-1.7.11.jar:/home/djaxtech/maven/repo/local/net/bytebuddy/byte-buddy-agent/1.7.11/byte-buddy-agent-1.7.11.jar:/home/djaxtech/maven/repo/local/org/objenesis/objenesis/2.6/objenesis-2.6.jar:/home/djaxtech/maven/repo/local/org/hamcrest/hamcrest-core/1.3/hamcrest-core-1.3.jar:/home/djaxtech/maven/repo/local/org/hamcrest/hamcrest-library/1.3/hamcrest-library-1.3.jar:/home/djaxtech/maven/repo/local/org/skyscreamer/jsonassert/1.5.0/jsonassert-1.5.0.jar:/home/djaxtech/maven/repo/local/com/vaadin/external/google/android-json/0.0.20131108.vaadin1/android-json-0.0.20131108.vaadin1.jar:/home/djaxtech/maven/repo/local/org/springframework/spring-core/5.0.7.RELEASE/spring-core-5.0.7.RELEASE.jar:/home/djaxtech/maven/repo/local/org/springframework/spring-jcl/5.0.7.RELEASE/spring-jcl-5.0.7.RELEASE.jar:/home/djaxtech/maven/repo/local/org/springframework/spring-test/5.0.7.RELEASE/spring-test-5.0.7.RELEASE.jar:/home/djaxtech/maven/repo/local/org/xmlunit/xmlunit-core/2.5.1/xmlunit-core-2.5.1.jar:/home/djaxtech/maven/repo/local/org/springframework/data/spring-data-commons-core/1.1.0.RELEASE/spring-data-commons-core-1.1.0.RELEASE.jar:/home/djaxtech/maven/repo/local/org/springframework/spring-beans/5.0.7.RELEASE/spring-beans-5.0.7.RELEASE.jar:/home/djaxtech/maven/repo/local/org/springframework/spring-tx/5.0.7.RELEASE/spring-tx-5.0.7.RELEASE.jar:"/>
    <property name="sun.cpu.endian" value="little"/>
    <property name="user.home" value="/usr/share/tomcat8"/>
    <property name="user.language" value="en"/>
    <property name="java.specification.vendor" value="Oracle Corporation"/>
    <property name="java.home" value="/usr/lib/jvm/java-8-oracle/jre"/>
    <property name="basedir" value="/home/djaxtech/Documents/springbootdemo"/>
    <property name="file.separator" value="/"/>
    <property name="line.separator" value="&#10;"/>
    <property name="java.vm.specification.vendor" value="Oracle Corporation"/>
    <property name="java.specification.name" value="Java Platform API Specification"/>
    <property name="java.awt.graphicsenv" value="sun.awt.X11GraphicsEnvironment"/>
    <property name="surefire.real.class.path" value="/home/djaxtech/Documents/springbootdemo/target/surefire/surefirebooter701284820498275293.jar"/>
    <property name="sun.boot.class.path" value="/usr/lib/jvm/java-8-oracle/jre/lib/resources.jar:/usr/lib/jvm/java-8-oracle/jre/lib/rt.jar:/usr/lib/jvm/java-8-oracle/jre/lib/sunrsasign.jar:/usr/lib/jvm/java-8-oracle/jre/lib/jsse.jar:/usr/lib/jvm/java-8-oracle/jre/lib/jce.jar:/usr/lib/jvm/java-8-oracle/jre/lib/charsets.jar:/usr/lib/jvm/java-8-oracle/jre/lib/jfr.jar:/usr/lib/jvm/java-8-oracle/jre/classes"/>
    <property name="sun.management.compiler" value="HotSpot 64-Bit Tiered Compilers"/>
    <property name="java.runtime.version" value="1.8.0_171-b11"/>
    <property name="user.name" value="tomcat8"/>
    <property name="path.separator" value=":"/>
    <property name="os.version" value="4.4.0-134-generic"/>
    <property name="java.endorsed.dirs" value="/usr/lib/jvm/java-8-oracle/jre/lib/endorsed"/>
    <property name="java.runtime.name" value="Java(TM) SE Runtime Environment"/>
    <property name="file.encoding" value="UTF-8"/>
    <property name="java.vm.name" value="Java HotSpot(TM) 64-Bit Server VM"/>
    <property name="localRepository" value="/home/djaxtech/maven/repo/local"/>
    <property name="java.vendor.url.bug" value="http://bugreport.sun.com/bugreport/"/>
    <property name="java.io.tmpdir" value="/tmp"/>
    <property name="java.version" value="1.8.0_171"/>
    <property name="user.dir" value="/home/djaxtech/Documents/springbootdemo"/>
    <property name="os.arch" value="amd64"/>
    <property name="java.vm.specification.name" value="Java Virtual Machine Specification"/>
    <property name="java.awt.printerjob" value="sun.print.PSPrinterJob"/>
    <property name="sun.os.patch.level" value="unknown"/>
    <property name="java.library.path" value="/usr/java/packages/lib/amd64:/usr/lib64:/lib64:/lib:/usr/lib"/>
    <property name="java.vm.info" value="mixed mode"/>
    <property name="java.vendor" value="Oracle Corporation"/>
    <property name="java.vm.version" value="25.171-b11"/>
    <property name="java.ext.dirs" value="/usr/lib/jvm/java-8-oracle/jre/lib/ext:/usr/java/packages/lib/ext"/>
    <property name="sun.io.unicode.encoding" value="UnicodeLittle"/>
    <property name="java.class.version" value="52.0"/>
  </properties>
  <testcase name="contextLoads" classname="com.howtodoinjava.demo.SpringBootDemoApplicationTests" time="0.129"/>
</testsuite>